<?xml version="1.0" encoding="UTF-8"?>
<!-- Generated by org.testng.reporters.JUnitReportReporter -->
<testsuite hostname="LAPTOP-KIO74HEK" failures="0" tests="1" name="MavenDemo.MavenDemoo" time="0.011" errors="0" timestamp="2020-10-03T07:12:34 EDT" skipped="0">
  <testcase classname="MavenDemo.MavenDemoo" name="display" time="0.011"/>
  <system-out/>
</testsuite> <!-- MavenDemo.MavenDemoo -->
